2018-05-24 00:48:26.740 [main] INFO  Program - Le mode d√©veloppeur est activ√©
2018-05-24 01:00:54.363 [main] INFO  Program - Le mode d√©veloppeur est activ√©
2018-05-24 01:00:59.484 [main] INFO  Program - R√©cup√©ration des param√®tres de configuration.
2018-05-24 01:05:54.885 [main] INFO  Program - Le mode d√©veloppeur est activ√©
2018-05-24 01:06:30.110 [main] INFO  Program - Le mode d√©veloppeur est activ√©
2018-05-24 01:16:51.598 [main] ERROR Program - L'ordinateur est incapable de g√©n√©rer une nouvelle proposition
2018-05-24 01:24:02.192 [main] INFO  Program - Le mode d√©veloppeur est activ√©
2018-05-24 01:24:05.450 [main] INFO  Program - R√©cup√©ration des param√®tres de configuration.
2018-05-25 23:59:48.426 [main] INFO  Program - Le mode d√©veloppeur est activ√©
2018-05-26 00:00:19.955 [main] INFO  Program - R√©cup√©ration des param√®tres de configuration.
2018-05-26 00:32:40.492 [main] INFO  Program - Le mode dÈveloppeur est dÈsactivÈ
2018-05-26 00:35:20.182 [main] INFO  Program - RÈcupÈration des paramËtres de configuration.
2018-05-26 00:36:39.615 [main] INFO  Program - Le mode dÈveloppeur est activÈ
2018-05-26 00:36:44.470 [main] INFO  Program - RÈcupÈration des paramËtres de configuration.
2018-05-26 00:36:57.929 [main] INFO  Program - RÈcupÈration des paramËtres de configuration.
2018-05-27 02:21:18.135 [main] INFO  Program - Le mode d√©veloppeur est activ√©
2018-05-27 02:21:23.533 [main] INFO  Program - R√©cup√©ration des param√®tres de configuration.
2018-05-27 02:21:23.536 [main] DEBUG Program - Number of Box is 5
Number of Digit is 10
Number of Trials is 10
2018-05-27 02:25:48.044 [main] INFO  Program - Le mode d√©veloppeur est activ√©
2018-05-27 02:25:53.872 [main] INFO  Program - R√©cup√©ration des param√®tres de configuration.
2018-05-27 02:25:53.873 [main] DEBUG Program - Number of Box is 5
Number of Digit is 10
Number of Trials is 10
2018-05-27 02:26:57.294 [main] INFO  Program - Le mode d√©veloppeur est activ√©
2018-05-27 02:27:00.394 [main] INFO  Program - R√©cup√©ration des param√®tres de configuration.
2018-05-27 02:27:00.395 [main] DEBUG Program - Number of Box is 5
Number of Digit is 10
Number of Trials is 10
2018-05-27 02:33:33.287 [main] INFO  Program - Le mode d√©veloppeur est activ√©
2018-05-27 02:33:37.716 [main] INFO  Program - R√©cup√©ration des param√®tres de configuration.
2018-05-27 02:33:37.717 [main] DEBUG Program - Number of Box is 5
Number of Digit is 10
Number of Trials is 10
2018-05-27 02:33:54.332 [main] INFO  Program - Le mode d√©veloppeur est activ√©
2018-05-27 02:34:02.004 [main] INFO  Program - R√©cup√©ration des param√®tres de configuration.
2018-05-27 02:34:02.005 [main] DEBUG Program - Number of Box is 5
Number of Digit is 10
Number of Trials is 10
2018-05-27 02:46:18.325 [main] INFO  Program - Le mode d√©veloppeur est activ√©
2018-05-27 02:46:20.280 [main] INFO  Program - R√©cup√©ration des param√®tres de configuration.
2018-05-27 02:46:20.281 [main] DEBUG Program - Number of Box is 5
Number of Digit is 10
Number of Trials is 10
2018-05-27 02:51:58.470 [main] INFO  Program - Le mode d√©veloppeur est activ√©
2018-05-27 02:52:02.094 [main] INFO  Program - R√©cup√©ration des param√®tres de configuration.
2018-05-27 02:52:02.095 [main] WARN  Program - Number of Box is 5
Number of Digit is 10
Number of Trials is 10
2018-05-27 02:52:19.371 [main] INFO  Program - Le mode d√©veloppeur est activ√©
2018-05-27 02:52:22.643 [main] INFO  Program - R√©cup√©ration des param√®tres de configuration.
2018-05-27 02:52:22.644 [main] WARN  Program - 
Number of Box is 5
Number of Digit is 10
Number of Trials is 10
2018-05-27 02:57:15.784 [main] INFO  Program - Le mode d√©veloppeur est activ√©
2018-05-27 02:57:19.938 [main] INFO  Program - R√©cup√©ration des param√®tres de configuration.
2018-05-27 02:57:19.940 [main] WARN  Program - 
Number of Box is 5
Number of Digit is 10
Number of Trials is 10
2018-05-27 02:57:29.058 [main] INFO  Program - Lancement du jeu MasterMind
2018-05-27 02:59:49.000 [main] INFO  Program - Le mode d√©veloppeur est activ√©
2018-05-27 02:59:51.258 [main] INFO  Program - R√©cup√©ration des param√®tres de configuration.
2018-05-27 02:59:51.259 [main] WARN  Program - 
Number of Box is 5
Number of Digit is 10
Number of Trials is 10
2018-05-27 02:59:54.302 [main] INFO  Program - Lancement du jeu MasterMind en mode challenger
2018-05-27 03:09:50.024 [main] INFO  Program - Le mode d√©veloppeur est activ√©
2018-05-27 03:09:52.765 [main] INFO  Program - R√©cup√©ration des param√®tres de configuration.
2018-05-27 03:09:52.766 [main] WARN  Program - 
Number of Box is 5
Number of Digit is 10
Number of Trials is 10
2018-05-27 03:09:54.736 [main] INFO  Program - Lancement du jeu MasterMind en mode challenger
2018-05-27 03:10:11.892 [main] INFO  Program - 
La combinaison secr√®te √©tait la suivante : 
(92163)
2018-05-28 00:10:48.808 [main] INFO  Main - Le mode d√©veloppeur est activ√©
2018-05-28 00:10:54.208 [main] INFO  Main - R√©cup√©ration des param√®tres de configuration.
2018-05-28 00:10:54.209 [main] WARN  Main - 
Number of Box is 5
Number of Digit is 10
Number of Trials is 10
2018-05-28 00:11:04.208 [main] INFO  Main - Lancement du jeu MasterMind en mode challenger
2018-05-28 00:11:12.993 [main] INFO  Main - R√©cup√©ration des param√®tres de configuration.
2018-05-28 00:11:12.994 [main] WARN  Main - 
Number of Box is 5
Number of Digit is 10
Number of Trials is 10
2018-05-28 00:11:15.433 [main] INFO  Main - Lancement du jeu MasterMind en mode defender
2018-05-28 00:11:22.289 [main] INFO  Main - R√©cup√©ration des param√®tres de configuration.
2018-05-28 00:11:22.291 [main] WARN  Main - 
Number of Box is 5
Number of Digit is 10
Number of Trials is 10
2018-05-28 00:11:23.720 [main] INFO  Main - Lancement du jeu MasterMind en mode dual
2018-05-28 00:11:38.717 [main] INFO  Main - Le mode d√©veloppeur est activ√©
2018-05-28 00:11:41.144 [main] INFO  Main - R√©cup√©ration des param√®tres de configuration.
2018-05-28 00:11:41.145 [main] WARN  Main - 
Number of Box is 5
Number of Digit is 10
Number of Trials is 10
2018-05-28 00:11:43.589 [main] INFO  Main - Lancement du jeu SearchGame en mode challenger
2018-05-28 00:11:56.106 [main] INFO  Main - R√©cup√©ration des param√®tres de configuration.
2018-05-28 00:11:56.107 [main] WARN  Main - 
Number of Box is 5
Number of Digit is 10
Number of Trials is 10
2018-05-28 00:11:58.107 [main] INFO  Main - Lancement du jeu SearchGame en mode challenger
2018-05-28 00:12:19.152 [main] INFO  Main - 
La combinaison secr√®te √©tait la suivante : 
(38774)
2018-05-28 23:56:59.727 [main] INFO  Main - Le mode dÈveloppeur est activÈ
2018-05-28 23:57:04.667 [main] INFO  Main - RÈcupÈration des paramËtres de configuration.
2018-05-28 23:57:04.669 [main] WARN  Main - 
Number of Box is 5
Number of Digit is 8
Number of Trials is 10
2018-05-28 23:57:09.930 [main] INFO  Main - Lancement du jeu MasterMind en mode challenger
2018-05-28 23:57:23.308 [main] INFO  Main - Le mode dÈveloppeur est activÈ
2018-05-28 23:57:25.111 [main] INFO  Main - RÈcupÈration des paramËtres de configuration.
2018-05-28 23:57:25.114 [main] WARN  Main - 
Number of Box is 5
Number of Digit is 8
Number of Trials is 10
2018-05-28 23:57:27.118 [main] INFO  Main - Lancement du jeu SearchGame en mode challenger
2018-05-28 23:57:57.095 [main] INFO  Main - RÈcupÈration des paramËtres de configuration.
2018-05-28 23:57:57.102 [main] WARN  Main - 
Number of Box is 5
Number of Digit is 8
Number of Trials is 10
2018-05-28 23:57:58.081 [main] INFO  Main - Lancement du jeu SearchGame en mode challenger
2018-05-28 23:58:19.905 [main] INFO  Main - Le mode d√©veloppeur est activ√©
2018-05-28 23:58:22.392 [main] INFO  Main - R√©cup√©ration des param√®tres de configuration.
2018-05-28 23:58:22.393 [main] WARN  Main - 
Number of Box is 5
Number of Digit is 8
Number of Trials is 10
2018-05-28 23:58:26.044 [main] INFO  Main - Lancement du jeu MasterMind en mode challenger
2018-05-28 23:59:57.354 [main] INFO  Main - Le mode dÈveloppeur est activÈ
2018-05-28 23:59:59.684 [main] INFO  Main - RÈcupÈration des paramËtres de configuration.
2018-05-28 23:59:59.686 [main] WARN  Main - 
Number of Box is 5
Number of Digit is 8
Number of Trials is 10
2018-05-29 00:00:04.634 [main] INFO  Main - Lancement du jeu MasterMind en mode challenger
2018-05-29 00:00:23.572 [main] INFO  Main - RÈcupÈration des paramËtres de configuration.
2018-05-29 00:00:23.574 [main] WARN  Main - 
Number of Box is 5
Number of Digit is 8
Number of Trials is 10
2018-05-29 00:00:26.772 [main] INFO  Main - Lancement du jeu MasterMind en mode defender
2018-05-29 00:00:43.928 [main] INFO  Main - RÈcupÈration des paramËtres de configuration.
2018-05-29 00:00:43.929 [main] WARN  Main - 
Number of Box is 5
Number of Digit is 8
Number of Trials is 10
2018-05-29 00:00:49.615 [main] INFO  Main - Lancement du jeu MasterMind en mode dual
2018-05-29 00:01:13.866 [main] INFO  Main - Le mode dÈveloppeur est activÈ
2018-05-29 00:01:15.466 [main] INFO  Main - RÈcupÈration des paramËtres de configuration.
2018-05-29 00:01:15.469 [main] WARN  Main - 
Number of Box is 5
Number of Digit is 8
Number of Trials is 10
2018-05-29 00:01:16.380 [main] INFO  Main - Lancement du jeu SearchGame en mode challenger
2018-05-29 00:01:47.488 [main] INFO  Main - RÈcupÈration des paramËtres de configuration.
2018-05-29 00:01:47.489 [main] WARN  Main - 
Number of Box is 5
Number of Digit is 8
Number of Trials is 10
2018-05-29 00:01:50.975 [main] INFO  Main - Lancement du jeu SearchGame en mode defender
2018-05-29 00:02:18.216 [main] INFO  Main - RÈcupÈration des paramËtres de configuration.
2018-05-29 00:02:18.217 [main] WARN  Main - 
Number of Box is 5
Number of Digit is 8
Number of Trials is 10
2018-05-29 00:02:19.370 [main] INFO  Main - Lancement du jeu SearchGame en mode dual
